<?xml version="1.0" encoding="UTF-8"?>
<!-- Generated by org.testng.reporters.JUnitXMLReporter -->
<testsuite ignored="0" hostname="DESKTOP-EEJO7BG" failures="2" tests="10" name="Test" time="0.24" errors="0" timestamp="2026-08-08T14:48:02 IST">
  <testcase classname="TestNGListeners.TestNGListenerDemo" name="test1" time="0.023"/>
  <testcase classname="TestNGListeners.TestNGListenerDemo" name="test2" time="0.021">
    <failure type="java.lang.AssertionError" message="expected [false] but found [true]">
      <![CDATA[java.lang.AssertionError: expected [false] but found [true]
at TestNGListeners.TestNGListenerDemo.test2(TestNGListenerDemo.java:19)
at java.base/java.util.ArrayList.forEach(ArrayList.java:1612)
... Removed 29 stack frames]]>
    </failure>
  </testcase> <!-- test2 -->
  <testcase classname="TestNGListeners.TestNGListenerDemo" name="test3" time="0.003">
    <skipped/>
  </testcase> <!-- test3 -->
  <testcase classname="TestNGListeners.TestNGListenerDemo" name="test4" time="0.003"/>
  <testcase classname="TestNGListeners.TestNGListenerDemo" name="test5" time="0.008"/>
  <testcase classname="TestNGListeners.testNGListenerDemo2" name="test2" time="0.011"/>
  <testcase classname="TestNGListeners.testNGListenerDemo2" name="test22" time="0.008">
    <failure type="java.lang.AssertionError" message="expected [false] but found [true]">
      <![CDATA[java.lang.AssertionError: expected [false] but found [true]
at TestNGListeners.testNGListenerDemo2.test22(testNGListenerDemo2.java:16)
at java.base/java.util.ArrayList.forEach(ArrayList.java:1612)
... Removed 29 stack frames]]>
    </failure>
  </testcase> <!-- test22 -->
  <testcase classname="TestNGListeners.testNGListenerDemo2" name="test222" time="0.005">
    <skipped/>
  </testcase> <!-- test222 -->
  <testcase classname="TestNGListeners.testNGListenerDemo2" name="test2222" time="0.003"/>
  <testcase classname="TestNGListeners.testNGListenerDemo2" name="test22222" time="0.005"/>
</testsuite> <!-- Test -->
