<?xml version="1.0" encoding="UTF-8"?>
<!-- Generated by org.testng.reporters.JUnitXMLReporter -->
<testsuite ignored="0" hostname="DESKTOP-EEJO7BG" failures="0" tests="9" name="Test" time="43.932" errors="0" timestamp="2026-09-03T18:29:17 IST">
  <testcase classname="typesOfExecution.Demo2Test" name="case2" time="11.274"/>
  <testcase classname="typesOfExecution.Demo2Test" name="case22" time="3.671"/>
  <testcase classname="typesOfExecution.Demo2Test" name="case222" time="3.714"/>
  <testcase classname="typesOfExecution.Demo1test" name="case1" time="3.688"/>
  <testcase classname="typesOfExecution.Demo1test" name="case11" time="5.237"/>
  <testcase classname="typesOfExecution.Demo1test" name="case111" time="3.739"/>
  <testcase classname="typesOfExecution.Demo3Test" name="case3" time="5.106"/>
  <testcase classname="typesOfExecution.Demo3Test" name="case33" time="3.689"/>
  <testcase classname="typesOfExecution.Demo3Test" name="case333" time="3.729"/>
</testsuite> <!-- Test -->
