<?xml version="1.0" encoding="UTF-8"?>
<!-- Generated by org.testng.reporters.JUnitReportReporter -->
<testsuite hostname="DESKTOP-EEJO7BG" failures="0" tests="13" name="invocationcount" time="0.065" errors="0" timestamp="2026-07-12T02:21:52 IST" skipped="0">
  <testcase classname="invocationcount" name="modifycity" time="0.002"/>
  <testcase classname="invocationcount" name="createcity" time="0.004"/>
  <testcase classname="invocationcount" name="createcity" time="0.004"/>
  <testcase classname="invocationcount" name="modifycity" time="0.004"/>
  <testcase classname="invocationcount" name="modifycity" time="0.005"/>
  <testcase classname="invocationcount" name="deletecity" time="0.003"/>
  <testcase classname="invocationcount" name="createcity" time="0.004"/>
  <testcase classname="invocationcount" name="deletecity" time="0.002"/>
  <testcase classname="invocationcount" name="createcity" time="0.021"/>
  <testcase classname="invocationcount" name="deletecity" time="0.004"/>
  <testcase classname="invocationcount" name="modifycity" time="0.004"/>
  <testcase classname="invocationcount" name="createcity" time="0.003"/>
  <testcase classname="invocationcount" name="modifycity" time="0.005"/>
</testsuite> <!-- invocationcount -->
