<?xml version="1.0" encoding="UTF-8"?>
<!-- Generated by org.testng.reporters.JUnitReportReporter -->
<testsuite hostname="DESKTOP-EEJO7BG" failures="0" tests="3" name="typesOfExecution.Demo4Test" time="53.160" errors="0" timestamp="2026-07-19T01:35:39 IST" skipped="0">
  <testcase classname="typesOfExecution.Demo4Test" name="case1" time="18.520"/>
  <testcase classname="typesOfExecution.Demo4Test" name="case1" time="17.197"/>
  <testcase classname="typesOfExecution.Demo4Test" name="case1" time="17.443"/>
</testsuite> <!-- typesOfExecution.Demo4Test -->
