<?xml version="1.0" encoding="UTF-8"?>
<!-- Generated by org.testng.reporters.JUnitReportReporter -->
<testsuite hostname="DESKTOP-EEJO7BG" failures="0" tests="3" name="typesOfExecution.Demo2Test" time="40.392" errors="0" timestamp="2026-07-19T00:21:15 IST" skipped="0">
  <testcase classname="typesOfExecution.Demo2Test" name="case22" time="4.028"/>
  <testcase classname="typesOfExecution.Demo2Test" name="case222" time="3.929"/>
  <testcase classname="typesOfExecution.Demo2Test" name="case2" time="32.435"/>
</testsuite> <!-- typesOfExecution.Demo2Test -->
