<?xml version="1.0" encoding="UTF-8"?>
<!-- Generated by org.testng.reporters.JUnitReportReporter -->
<testsuite hostname="DESKTOP-EEJO7BG" failures="0" tests="12" name="threadPollsize" time="46.716" errors="0" timestamp="2026-07-12T02:42:21 IST" skipped="0">
  <testcase classname="threadPollsize" name="deletecity" time="0.005"/>
  <testcase classname="threadPollsize" name="modifycity" time="5.135"/>
  <testcase classname="threadPollsize" name="modifycity" time="4.411"/>
  <testcase classname="threadPollsize" name="createcity" time="4.843"/>
  <testcase classname="threadPollsize" name="modifycity" time="6.118"/>
  <testcase classname="threadPollsize" name="createcity" time="5.415"/>
  <testcase classname="threadPollsize" name="modifycity" time="3.870"/>
  <testcase classname="threadPollsize" name="createcity" time="5.233"/>
  <testcase classname="threadPollsize" name="deletecity" time="0.003"/>
  <testcase classname="threadPollsize" name="deletecity" time="0.003"/>
  <testcase classname="threadPollsize" name="modifycity" time="4.238"/>
  <testcase classname="threadPollsize" name="createcity" time="7.442"/>
</testsuite> <!-- threadPollsize -->
