<?xml version="1.0" encoding="UTF-8"?>
<!-- Generated by org.testng.reporters.JUnitReportReporter -->
<testsuite hostname="DESKTOP-EEJO7BG" failures="0" tests="3" name="typesOfExecution.Demo1test" time="41.817" errors="0" timestamp="2026-07-19T00:21:15 IST" skipped="0">
  <testcase classname="typesOfExecution.Demo1test" name="case111" time="3.543"/>
  <testcase classname="typesOfExecution.Demo1test" name="case11" time="5.787"/>
  <testcase classname="typesOfExecution.Demo1test" name="case1" time="32.487"/>
</testsuite> <!-- typesOfExecution.Demo1test -->
