<?xml version="1.0" encoding="UTF-8"?>
<testsuite xmlns:xsi="http://www.w3.org/2001/XMLSchema-instance" xsi:noNamespaceSchemaLocation="https://maven.apache.org/surefire/maven-surefire-plugin/xsd/surefire-test-report-3.0.xsd" version="3.0" name="TestSuite" time="44.835" tests="9" errors="0" skipped="0" failures="0">
  <properties>
[...]
</properties>
  <testcase name="case2" classname="typesOfExecution.Demo2Test" time="11.275">
    <system-err><![CDATA[SLF4J(W): No SLF4J providers were found.
SLF4J(W): Defaulting to no-operation (NOP) logger implementation
SLF4J(W): See https://www.slf4j.org/codes.html#noProviders for further details.
Sep 03, 2026 6:28:42 PM org.openqa.selenium.devtools.CdpVersionFinder findNearestMatch
WARNING: Unable to find an exact match for CDP version 152, returning the closest version; found: 148; Please update to a Selenium version that supports CDP version 152
]]></system-err>
  </testcase>
  <testcase name="case22" classname="typesOfExecution.Demo2Test" time="3.671">
    <system-err><![CDATA[Sep 03, 2026 6:28:46 PM org.openqa.selenium.devtools.CdpVersionFinder findNearestMatch
WARNING: Unable to find an exact match for CDP version 152, returning the closest version; found: 148; Please update to a Selenium version that supports CDP version 152
]]></system-err>
  </testcase>
  <testcase name="case222" classname="typesOfExecution.Demo2Test" time="3.715">
    <system-err><![CDATA[Sep 03, 2026 6:28:49 PM org.openqa.selenium.devtools.CdpVersionFinder findNearestMatch
WARNING: Unable to find an exact match for CDP version 152, returning the closest version; found: 148; Please update to a Selenium version that supports CDP version 152
]]></system-err>
  </testcase>
  <testcase name="case1" classname="typesOfExecution.Demo1test" time="3.688">
    <system-err><![CDATA[Sep 03, 2026 6:28:53 PM org.openqa.selenium.devtools.CdpVersionFinder findNearestMatch
WARNING: Unable to find an exact match for CDP version 152, returning the closest version; found: 148; Please update to a Selenium version that supports CDP version 152
]]></system-err>
  </testcase>
  <testcase name="case11" classname="typesOfExecution.Demo1test" time="5.237">
    <system-err><![CDATA[Sep 03, 2026 6:28:57 PM org.openqa.selenium.devtools.CdpVersionFinder findNearestMatch
WARNING: Unable to find an exact match for CDP version 152, returning the closest version; found: 148; Please update to a Selenium version that supports CDP version 152
]]></system-err>
  </testcase>
  <testcase name="case111" classname="typesOfExecution.Demo1test" time="3.737">
    <system-err><![CDATA[Sep 03, 2026 6:29:02 PM org.openqa.selenium.devtools.CdpVersionFinder findNearestMatch
WARNING: Unable to find an exact match for CDP version 152, returning the closest version; found: 148; Please update to a Selenium version that supports CDP version 152
]]></system-err>
  </testcase>
  <testcase name="case3" classname="typesOfExecution.Demo3Test" time="5.106">
    <system-err><![CDATA[Sep 03, 2026 6:29:06 PM org.openqa.selenium.devtools.CdpVersionFinder findNearestMatch
WARNING: Unable to find an exact match for CDP version 152, returning the closest version; found: 148; Please update to a Selenium version that supports CDP version 152
]]></system-err>
  </testcase>
  <testcase name="case33" classname="typesOfExecution.Demo3Test" time="3.689">
    <system-err><![CDATA[Sep 03, 2026 6:29:11 PM org.openqa.selenium.devtools.CdpVersionFinder findNearestMatch
WARNING: Unable to find an exact match for CDP version 152, returning the closest version; found: 148; Please update to a Selenium version that supports CDP version 152
]]></system-err>
  </testcase>
  <testcase name="case333" classname="typesOfExecution.Demo3Test" time="3.727">
    <system-err><![CDATA[Sep 03, 2026 6:29:14 PM org.openqa.selenium.devtools.CdpVersionFinder findNearestMatch
WARNING: Unable to find an exact match for CDP version 152, returning the closest version; found: 148; Please update to a Selenium version that supports CDP version 152
]]></system-err>
  </testcase>
</testsuite>