<?xml version="1.0" encoding="UTF-8"?>
<testng-results ignored="0" total="9" passed="9" failed="0" skipped="0">
  <reporter-output>
  </reporter-output>
  <suite started-at="2026-09-03T18:28:33 IST" name="Suite" finished-at="2026-09-03T18:29:17 IST" duration-ms="43932">
    <groups>
      <group name="regression">
        <method signature="Demo1test.case1()[pri:0, instance:typesOfExecution.Demo1test@10e31a9a]" name="case1" class="typesOfExecution.Demo1test"/>
        <method signature="Demo1test.case111()[pri:0, instance:typesOfExecution.Demo1test@10e31a9a]" name="case111" class="typesOfExecution.Demo1test"/>
        <method signature="Demo2Test.case2()[pri:0, instance:typesOfExecution.Demo2Test@49ec71f8]" name="case2" class="typesOfExecution.Demo2Test"/>
        <method signature="Demo2Test.case222()[pri:0, instance:typesOfExecution.Demo2Test@49ec71f8]" name="case222" class="typesOfExecution.Demo2Test"/>
        <method signature="Demo3Test.case3()[pri:0, instance:typesOfExecution.Demo3Test@131774fe]" name="case3" class="typesOfExecution.Demo3Test"/>
        <method signature="Demo3Test.case333()[pri:0, instance:typesOfExecution.Demo3Test@131774fe]" name="case333" class="typesOfExecution.Demo3Test"/>
      </group> <!-- regression -->
      <group name="smoke">
        <method signature="Demo1test.case11()[pri:0, instance:typesOfExecution.Demo1test@10e31a9a]" name="case11" class="typesOfExecution.Demo1test"/>
        <method signature="Demo1test.case111()[pri:0, instance:typesOfExecution.Demo1test@10e31a9a]" name="case111" class="typesOfExecution.Demo1test"/>
        <method signature="Demo2Test.case22()[pri:0, instance:typesOfExecution.Demo2Test@49ec71f8]" name="case22" class="typesOfExecution.Demo2Test"/>
        <method signature="Demo2Test.case222()[pri:0, instance:typesOfExecution.Demo2Test@49ec71f8]" name="case222" class="typesOfExecution.Demo2Test"/>
        <method signature="Demo3Test.case33()[pri:0, instance:typesOfExecution.Demo3Test@131774fe]" name="case33" class="typesOfExecution.Demo3Test"/>
        <method signature="Demo3Test.case333()[pri:0, instance:typesOfExecution.Demo3Test@131774fe]" name="case333" class="typesOfExecution.Demo3Test"/>
      </group> <!-- smoke -->
    </groups>
    <test started-at="2026-09-03T18:28:33 IST" name="Test" finished-at="2026-09-03T18:29:17 IST" duration-ms="43932">
      <class name="typesOfExecution.Demo2Test">
        <test-method signature="case2()[pri:0, instance:typesOfExecution.Demo2Test@49ec71f8]" started-at="2026-09-03T18:28:33 IST" name="case2" finished-at="2026-09-03T18:28:44 IST" duration-ms="11274" status="PASS">
          <reporter-output>
          </reporter-output>
        </test-method> <!-- case2 -->
        <test-method signature="case22()[pri:0, instance:typesOfExecution.Demo2Test@49ec71f8]" started-at="2026-09-03T18:28:44 IST" name="case22" finished-at="2026-09-03T18:28:48 IST" duration-ms="3671" status="PASS">
          <reporter-output>
          </reporter-output>
        </test-method> <!-- case22 -->
        <test-method signature="case222()[pri:0, instance:typesOfExecution.Demo2Test@49ec71f8]" started-at="2026-09-03T18:28:48 IST" name="case222" finished-at="2026-09-03T18:28:52 IST" duration-ms="3714" status="PASS">
          <reporter-output>
          </reporter-output>
        </test-method> <!-- case222 -->
      </class> <!-- typesOfExecution.Demo2Test -->
      <class name="typesOfExecution.Demo3Test">
        <test-method signature="case3()[pri:0, instance:typesOfExecution.Demo3Test@131774fe]" started-at="2026-09-03T18:29:04 IST" name="case3" finished-at="2026-09-03T18:29:09 IST" duration-ms="5106" status="PASS">
          <reporter-output>
          </reporter-output>
        </test-method> <!-- case3 -->
        <test-method signature="case33()[pri:0, instance:typesOfExecution.Demo3Test@131774fe]" started-at="2026-09-03T18:29:09 IST" name="case33" finished-at="2026-09-03T18:29:13 IST" duration-ms="3689" status="PASS">
          <reporter-output>
          </reporter-output>
        </test-method> <!-- case33 -->
        <test-method signature="case333()[pri:0, instance:typesOfExecution.Demo3Test@131774fe]" started-at="2026-09-03T18:29:13 IST" name="case333" finished-at="2026-09-03T18:29:17 IST" duration-ms="3729" status="PASS">
          <reporter-output>
          </reporter-output>
        </test-method> <!-- case333 -->
      </class> <!-- typesOfExecution.Demo3Test -->
      <class name="typesOfExecution.Demo1test">
        <test-method signature="case1()[pri:0, instance:typesOfExecution.Demo1test@10e31a9a]" started-at="2026-09-03T18:28:52 IST" name="case1" finished-at="2026-09-03T18:28:55 IST" duration-ms="3688" status="PASS">
          <reporter-output>
          </reporter-output>
        </test-method> <!-- case1 -->
        <test-method signature="case11()[pri:0, instance:typesOfExecution.Demo1test@10e31a9a]" started-at="2026-09-03T18:28:55 IST" name="case11" finished-at="2026-09-03T18:29:00 IST" duration-ms="5237" status="PASS">
          <reporter-output>
          </reporter-output>
        </test-method> <!-- case11 -->
        <test-method signature="case111()[pri:0, instance:typesOfExecution.Demo1test@10e31a9a]" started-at="2026-09-03T18:29:00 IST" name="case111" finished-at="2026-09-03T18:29:04 IST" duration-ms="3739" status="PASS">
          <reporter-output>
          </reporter-output>
        </test-method> <!-- case111 -->
      </class> <!-- typesOfExecution.Demo1test -->
    </test> <!-- Test -->
  </suite> <!-- Suite -->
</testng-results>
