<?xml version="1.0" encoding="UTF-8"?>
<!-- Generated by org.testng.reporters.JUnitReportReporter -->
<testsuite hostname="DESKTOP-EEJO7BG" failures="0" tests="3" name="typesOfExecution.Demo3Test" time="12.524" errors="0" timestamp="2026-09-03T18:29:17 IST" skipped="0">
  <testcase classname="typesOfExecution.Demo3Test" name="case3" time="5.106"/>
  <testcase classname="typesOfExecution.Demo3Test" name="case33" time="3.689"/>
  <testcase classname="typesOfExecution.Demo3Test" name="case333" time="3.729"/>
</testsuite> <!-- typesOfExecution.Demo3Test -->
