<?xml version="1.0" encoding="UTF-8"?>
<!-- Generated by org.testng.reporters.JUnitReportReporter -->
<testsuite hostname="DESKTOP-EEJO7BG" failures="0" tests="3" name="typesOfExecution.Demo1test" time="12.664" errors="0" timestamp="2026-09-03T18:29:17 IST" skipped="0">
  <testcase classname="typesOfExecution.Demo1test" name="case11" time="5.237"/>
  <testcase classname="typesOfExecution.Demo1test" name="case1" time="3.688"/>
  <testcase classname="typesOfExecution.Demo1test" name="case111" time="3.739"/>
</testsuite> <!-- typesOfExecution.Demo1test -->
